<?xml version="1.0" encoding="UTF-8"?>
<testng-results ignored="0" total="2" passed="2" failed="0" skipped="0">
  <reporter-output>
  </reporter-output>
  <suite started-at="2024-08-06T15:13:23 IST" name="Default suite" finished-at="2024-08-06T15:13:34 IST" duration-ms="11346">
    <groups>
    </groups>
    <test started-at="2024-08-06T15:13:23 IST" name="Default test" finished-at="2024-08-06T15:13:34 IST" duration-ms="11346">
      <class name="com.DataDriven">
        <test-method is-config="true" signature="openBrowser()[pri:0, instance:com.DataDriven@1aafa419]" started-at="2024-08-06T15:13:23 IST" name="openBrowser" finished-at="2024-08-06T15:13:26 IST" duration-ms="3590" status="PASS">
          <reporter-output>
          </reporter-output>
        </test-method> <!-- openBrowser -->
        <test-method signature="logintest(java.lang.String,java.lang.String)[pri:0, instance:com.DataDriven@1aafa419]" started-at="2024-08-06T15:13:28 IST" name="logintest" data-provider="dp" finished-at="2024-08-06T15:13:31 IST" duration-ms="3289" status="PASS">
          <params>
            <param index="0">
              <value>
                <![CDATA[abc@gmail.com]]>
              </value>
            </param>
            <param index="1">
              <value>
                <![CDATA[abc@123]]>
              </value>
            </param>
          </params>
          <reporter-output>
          </reporter-output>
        </test-method> <!-- logintest -->
        <test-method signature="logintest(java.lang.String,java.lang.String)[pri:0, instance:com.DataDriven@1aafa419]" started-at="2024-08-06T15:13:31 IST" name="logintest" data-provider="dp" finished-at="2024-08-06T15:13:34 IST" duration-ms="3202" status="PASS">
          <params>
            <param index="0">
              <value>
                <![CDATA[xyz@gmail.com]]>
              </value>
            </param>
            <param index="1">
              <value>
                <![CDATA[xyz@123]]>
              </value>
            </param>
          </params>
          <reporter-output>
          </reporter-output>
        </test-method> <!-- logintest -->
      </class> <!-- com.DataDriven -->
    </test> <!-- Default test -->
  </suite> <!-- Default suite -->
</testng-results>
