<?xml version="1.0" encoding="UTF-8"?>
<testng-results ignored="0" total="1" passed="1" failed="0" skipped="0">
  <reporter-output>
  </reporter-output>
  <suite started-at="2024-07-16T15:51:51 IST" name="Suite" finished-at="2024-07-16T15:51:56 IST" duration-ms="4414">
    <groups>
    </groups>
    <test started-at="2024-07-16T15:51:51 IST" name="Test" finished-at="2024-07-16T15:51:56 IST" duration-ms="4414">
      <class name="parameters.ParametersDemo">
        <test-method signature="login(java.lang.String,java.lang.String)[pri:0, instance:parameters.ParametersDemo@223191a6]" started-at="2024-07-16T15:51:51 IST" name="login" finished-at="2024-07-16T15:51:56 IST" duration-ms="4363" status="PASS">
          <params>
            <param index="0">
              <value>
                <![CDATA[selenium@gmail.com]]>
              </value>
            </param>
            <param index="1">
              <value>
                <![CDATA[selenium@123]]>
              </value>
            </param>
          </params>
          <reporter-output>
          </reporter-output>
        </test-method> <!-- login -->
      </class> <!-- parameters.ParametersDemo -->
    </test> <!-- Test -->
  </suite> <!-- Suite -->
</testng-results>
