<?xml version="1.0" encoding="UTF-8"?>
<!-- Generated by org.testng.reporters.JUnitXMLReporter -->
<testsuite ignored="4" hostname="DESKTOP-S4VQME9" failures="0" tests="1" name="Default test" time="0.049" errors="0" timestamp="2024-07-11T16:41:59 IST">
  <testcase classname="group_test.Payment" name="debitCart" time="0.007"/>
  <testcase classname="group_test.Payment" name="creditCart" time="0.0">
    <ignored/>
  </testcase> <!-- creditCart -->
  <testcase classname="group_test.Payment" name="COD" time="0.0">
    <ignored/>
  </testcase> <!-- COD -->
  <testcase classname="group_test.Payment" name="netBanking" time="0.0">
    <ignored/>
  </testcase> <!-- netBanking -->
  <testcase classname="group_test.Payment" name="UPI" time="0.0">
    <ignored/>
  </testcase> <!-- UPI -->
</testsuite> <!-- Default test -->
