<?xml version="1.0" encoding="UTF-8"?>
<!-- Generated by org.testng.reporters.JUnitXMLReporter -->
<testsuite ignored="0" hostname="DESKTOP-S4VQME9" failures="0" tests="14" name="Test" time="0.096" errors="0" timestamp="2024-07-11T16:42:06 IST">
  <testcase classname="group_test.User" name="createAccount" time="0.009"/>
  <testcase classname="group_test.User" name="login" time="0.001"/>
  <testcase classname="group_test.User" name="logout" time="0.001"/>
  <testcase classname="group_test.User" name="profileMange" time="0.001"/>
  <testcase classname="group_test.Payment" name="COD" time="0.001"/>
  <testcase classname="group_test.Payment" name="UPI" time="0.002"/>
  <testcase classname="group_test.Payment" name="creditCart" time="0.002"/>
  <testcase classname="group_test.Payment" name="debitCart" time="0.001"/>
  <testcase classname="group_test.Payment" name="netBanking" time="0.001"/>
  <testcase classname="group_test.Product" name="addToCart" time="0.001"/>
  <testcase classname="group_test.Product" name="addToWishlist" time="0.001"/>
  <testcase classname="group_test.Product" name="compareProduct" time="0.001"/>
  <testcase classname="group_test.Product" name="removeFromcart" time="0.001"/>
  <testcase classname="group_test.Product" name="serachProduct" time="0.001"/>
</testsuite> <!-- Test -->
