<?xml version="1.0" encoding="UTF-8"?>
<!-- Generated by org.testng.reporters.JUnitXMLReporter -->
<testsuite ignored="11" hostname="DESKTOP-S4VQME9" failures="0" tests="3" name="Test2" time="0.062" errors="0" timestamp="2024-07-16T15:38:08 IST">
  <testcase classname="eshop.User" name="createAccount" time="0.008"/>
  <testcase classname="eshop.Product" name="compareProduct" time="0.002"/>
  <testcase classname="eshop.Payment" name="UPI" time="0.001"/>
  <testcase classname="eshop.Payment" name="COD" time="0.0">
    <ignored/>
  </testcase> <!-- COD -->
  <testcase classname="eshop.Payment" name="creditCart" time="0.0">
    <ignored/>
  </testcase> <!-- creditCart -->
  <testcase classname="eshop.User" name="login" time="0.0">
    <ignored/>
  </testcase> <!-- login -->
  <testcase classname="eshop.Payment" name="debitCart" time="0.0">
    <ignored/>
  </testcase> <!-- debitCart -->
  <testcase classname="eshop.Product" name="addToCart" time="0.0">
    <ignored/>
  </testcase> <!-- addToCart -->
  <testcase classname="eshop.Product" name="addToWishlist" time="0.0">
    <ignored/>
  </testcase> <!-- addToWishlist -->
  <testcase classname="eshop.User" name="profileMange" time="0.0">
    <ignored/>
  </testcase> <!-- profileMange -->
  <testcase classname="eshop.Payment" name="netBanking" time="0.0">
    <ignored/>
  </testcase> <!-- netBanking -->
  <testcase classname="eshop.User" name="logout" time="0.0">
    <ignored/>
  </testcase> <!-- logout -->
  <testcase classname="eshop.Product" name="removeFromcart" time="0.0">
    <ignored/>
  </testcase> <!-- removeFromcart -->
  <testcase classname="eshop.Product" name="serachProduct" time="0.0">
    <ignored/>
  </testcase> <!-- serachProduct -->
</testsuite> <!-- Test2 -->
