<?xml version="1.0" encoding="UTF-8"?>
<!-- Generated by org.testng.reporters.JUnitXMLReporter -->
<testsuite ignored="10" hostname="DESKTOP-S4VQME9" failures="0" tests="4" name="Test1" time="0.071" errors="0" timestamp="2024-07-16T15:36:31 IST">
  <testcase classname="eshop.User" name="login" time="0.007"/>
  <testcase classname="eshop.Product" name="addToCart" time="0.001"/>
  <testcase classname="eshop.Product" name="serachProduct" time="0.002"/>
  <testcase classname="eshop.Payment" name="COD" time="0.002"/>
  <testcase classname="eshop.Payment" name="creditCart" time="0.0">
    <ignored/>
  </testcase> <!-- creditCart -->
  <testcase classname="eshop.Payment" name="debitCart" time="0.0">
    <ignored/>
  </testcase> <!-- debitCart -->
  <testcase classname="eshop.User" name="createAccount" time="0.0">
    <ignored/>
  </testcase> <!-- createAccount -->
  <testcase classname="eshop.Product" name="addToWishlist" time="0.0">
    <ignored/>
  </testcase> <!-- addToWishlist -->
  <testcase classname="eshop.User" name="profileMange" time="0.0">
    <ignored/>
  </testcase> <!-- profileMange -->
  <testcase classname="eshop.Payment" name="netBanking" time="0.0">
    <ignored/>
  </testcase> <!-- netBanking -->
  <testcase classname="eshop.Payment" name="UPI" time="0.0">
    <ignored/>
  </testcase> <!-- UPI -->
  <testcase classname="eshop.User" name="logout" time="0.0">
    <ignored/>
  </testcase> <!-- logout -->
  <testcase classname="eshop.Product" name="removeFromcart" time="0.0">
    <ignored/>
  </testcase> <!-- removeFromcart -->
  <testcase classname="eshop.Product" name="compareProduct" time="0.0">
    <ignored/>
  </testcase> <!-- compareProduct -->
</testsuite> <!-- Test1 -->
